app/build/outputs/logs/manifest-merger-debug-report.txt
-- Merging decision tree log ---
manifest
ADDED from src\main\AndroidManifest.xml:2:1-22:12
	package
		ADDED from src\main\AndroidManifest.xml:3:5-48
		INJECTED from src\main\AndroidManifest.xml
		INJECTED from src\main\AndroidManifest.xml
	android:versionName
		INJECTED from src\main\AndroidManifest.xml
		INJECTED from src\main\AndroidManifest.xml
	xmlns:android
		ADDED from src\main\AndroidManifest.xml:2:11-69
	android:versionCode
		INJECTED from src\main\AndroidManifest.xml
		INJECTED from src\main\AndroidManifest.xml
application
ADDED from src\main\AndroidManifest.xml:5:5-20:19
MERGED from [com.android.support:appcompat-v7:21.0.3] AndroidManifest.xml:16:5-19
MERGED from [com.android.support:support-v4:21.0.3] AndroidManifest.xml:16:5-19
MERGED from [de.hdodenhof:circleimageview:1.2.2] AndroidManifest.xml:9:5-20
MERGED from [com.balysv.materialmenu:material-menu:2.0.0] AndroidManifest.xml:10:5-20
	android:label
		ADDED from src\main\AndroidManifest.xml:8:9-41
	android:allowBackup
		ADDED from src\main\AndroidManifest.xml:6:9-35
	android:icon
		ADDED from src\main\AndroidManifest.xml:7:9-43
	android:theme
		ADDED from src\main\AndroidManifest.xml:9:9-40
activity#luck.materialdesign.tabsnavigator.MainActivity
ADDED from src\main\AndroidManifest.xml:10:9-18:20
	android:label
		ADDED from src\main\AndroidManifest.xml:12:13-45
	android:name
		ADDED from src\main\AndroidManifest.xml:11:13-74
intent-filter#android.intent.action.MAIN+android.intent.category.LAUNCHER
ADDED from src\main\AndroidManifest.xml:13:13-17:29
action#android.intent.action.MAIN
ADDED from src\main\AndroidManifest.xml:14:17-69
	android:name
		ADDED from src\main\AndroidManifest.xml:14:25-66
category#android.intent.category.LAUNCHER
ADDED from src\main\AndroidManifest.xml:16:17-77
	android:name
		ADDED from src\main\AndroidManifest.xml:16:27-74
uses-sdk
INJECTED from src\main\AndroidManifest.xml reason: use-sdk injection requested
MERGED from [com.android.support:appcompat-v7:21.0.3] AndroidManifest.xml:15:5-42
MERGED from [com.android.support:support-v4:21.0.3] AndroidManifest.xml:15:5-42
MERGED from [de.hdodenhof:circleimageview:1.2.2] AndroidManifest.xml:5:5-7:41
MERGED from [com.balysv.materialmenu:material-menu:2.0.0] AndroidManifest.xml:6:5-8:41
	android:targetSdkVersion
		INJECTED from src\main\AndroidManifest.xml
		INJECTED from src\main\AndroidManifest.xml
	android:minSdkVersion
		INJECTED from src\main\AndroidManifest.xml
		INJECTED from src\main\AndroidManifest.xml